<?xml version="1.0" encoding="UTF-8"?>
<!-- Generated by org.testng.reporters.JUnitReportReporter -->
<testsuite hostname="KIRAN" failures="0" tests="2" name="CrossBrowserTest.CrossBrowserTesting" time="64.809" errors="0" timestamp="2022-07-01T15:57:03 IST" skipped="0">
  <testcase classname="CrossBrowserTest.CrossBrowserTesting" name="myMethod" time="27.356"/>
  <system-out/>
  <testcase classname="CrossBrowserTest.CrossBrowserTesting" name="myMethod" time="37.453"/>
  <system-out/>
</testsuite> <!-- CrossBrowserTest.CrossBrowserTesting -->
