<?xml version="1.0" encoding="UTF-8"?>
<!-- Generated by org.testng.reporters.JUnitReportReporter -->
<testsuite hostname="KIRAN" failures="0" tests="2" name="TestNgKeyWords.TestClass4" time="0.013" errors="0" timestamp="2022-06-25T16:25:49 IST" skipped="0">
  <testcase classname="TestNgKeyWords.TestClass4" name="q" time="0.005"/>
  <system-out>
    <![CDATA[q is Running]]>
  </system-out>
  <testcase classname="TestNgKeyWords.TestClass4" name="r" time="0.008"/>
  <system-out>
    <![CDATA[r is Running]]>
  </system-out>
</testsuite> <!-- TestNgKeyWords.TestClass4 -->
