<?xml version="1.0" encoding="UTF-8"?>
<!-- Generated by org.testng.reporters.JUnitReportReporter -->
<testsuite hostname="KIRAN" failures="0" tests="1" name="KiteTestByBaseUtility.KiteTestProperties" time="9.655" errors="0" timestamp="2022-07-05T18:15:52 IST" skipped="0">
  <testcase classname="KiteTestByBaseUtility.KiteTestProperties" name="validateUserID" time="9.655"/>
  <system-out>
    <![CDATA[TC Passed]]>
  </system-out>
</testsuite> <!-- KiteTestByBaseUtility.KiteTestProperties -->
