<?xml version="1.0" encoding="UTF-8"?>
<!-- Generated by org.testng.reporters.JUnitReportReporter -->
<testsuite hostname="KIRAN" failures="0" tests="2" name="TestNGStudy.AnnotationStudy" time="0.040" errors="0" timestamp="2022-06-22T22:00:22 IST" skipped="0">
  <testcase classname="TestNGStudy.AnnotationStudy" name="validateUserName" time="0.021"/>
  <system-out>
    <![CDATA[UserName Validated]]>
  </system-out>
  <testcase classname="TestNGStudy.AnnotationStudy" name="validateDashBoard" time="0.019"/>
  <system-out>
    <![CDATA[Dashboard validated]]>
  </system-out>
</testsuite> <!-- TestNGStudy.AnnotationStudy -->
