<?xml version="1.0" encoding="UTF-8"?>
<!-- Generated by org.testng.reporters.JUnitReportReporter -->
<testsuite hostname="KIRAN" failures="0" tests="1" name="CrossBrowserTest.FirefoxTest" time="21.324" errors="0" timestamp="2022-07-01T15:25:19 IST" skipped="0">
  <testcase classname="CrossBrowserTest.FirefoxTest" name="myMethod" time="21.324"/>
  <system-out/>
</testsuite> <!-- CrossBrowserTest.FirefoxTest -->
