<?xml version="1.0" encoding="UTF-8"?>
<!-- Generated by org.testng.reporters.JUnitReportReporter -->
<testsuite hostname="KIRAN" failures="0" tests="3" name="TestNGStudy.EnableUse" time="0.041" errors="0" timestamp="2022-06-22T22:22:32 IST" skipped="1">
  <testcase classname="TestNGStudy.EnableUse" name="c" time="0.005"/>
  <system-out>
    <![CDATA[Method c is running]]>
  </system-out>
  <testcase classname="TestNGStudy.EnableUse" name="a" time="0.036"/>
  <system-out>
    <![CDATA[Method a is running]]>
  </system-out>
  <testcase classname="TestNGStudy.EnableUse" name="b">
    <skipped/>
  </testcase> <!-- b -->
  <system-out/>
</testsuite> <!-- TestNGStudy.EnableUse -->
