<?xml version="1.0" encoding="UTF-8"?>
<!-- Generated by org.testng.reporters.JUnitReportReporter -->
<testsuite hostname="KIRAN" failures="0" tests="1" name="TestNgKeyWords.TestClass3" time="0.031" errors="0" timestamp="2022-06-25T16:25:49 IST" skipped="0">
  <testcase classname="TestNgKeyWords.TestClass3" name="z" time="0.031"/>
  <system-out>
    <![CDATA[z is Running]]>
  </system-out>
</testsuite> <!-- TestNgKeyWords.TestClass3 -->
