<?xml version="1.0" encoding="UTF-8"?>
<!-- Generated by org.testng.reporters.JUnitReportReporter -->
<testsuite hostname="KIRAN" failures="0" tests="1" name="verificationInTestNG.AssertNullUse" time="0.039" errors="0" timestamp="2022-06-26T15:57:19 IST" skipped="0">
  <testcase classname="verificationInTestNG.AssertNullUse" name="myMethod" time="0.039"/>
  <system-out>
    <![CDATA[TC is passed value is not null]]>
  </system-out>
</testsuite> <!-- verificationInTestNG.AssertNullUse -->
