<?xml version="1.0" encoding="UTF-8"?>
<!-- Generated by org.testng.reporters.JUnitReportReporter -->
<testsuite hostname="KIRAN" failures="0" tests="1" name="TestNGStudy.EG1TestNG" time="15.177" errors="0" timestamp="2022-06-22T14:56:19 IST" skipped="0">
  <testcase classname="TestNGStudy.EG1TestNG" name="KiteLogin" time="15.177"/>
  <system-out/>
</testsuite> <!-- TestNGStudy.EG1TestNG -->
