<?xml version="1.0" encoding="UTF-8"?>
<!-- Generated by org.testng.reporters.JUnitReportReporter -->
<testsuite hostname="KIRAN" failures="0" tests="2" name="TestNgKeyWords.TestClass2" time="0.025" errors="0" timestamp="2022-06-25T16:08:28 IST" skipped="0">
  <testcase classname="TestNgKeyWords.TestClass2" name="y" time="0.018"/>
  <system-out>
    <![CDATA[y is Running]]>
  </system-out>
  <testcase classname="TestNgKeyWords.TestClass2" name="x" time="0.007"/>
  <system-out>
    <![CDATA[x is Running]]>
  </system-out>
</testsuite> <!-- TestNgKeyWords.TestClass2 -->
