<?xml version="1.0" encoding="UTF-8"?>
<!-- Generated by org.testng.reporters.JUnitReportReporter -->
<testsuite hostname="KIRAN" failures="0" tests="3" name="TestNGStudy.InvocationCountStudy" time="0.051" errors="0" timestamp="2022-06-22T22:10:19 IST" skipped="0">
  <testcase classname="TestNGStudy.InvocationCountStudy" name="a" time="0.028"/>
  <system-out>
    <![CDATA[a Method id Running]]>
  </system-out>
  <testcase classname="TestNGStudy.InvocationCountStudy" name="a" time="0.009"/>
  <system-out>
    <![CDATA[a Method id Running]]>
  </system-out>
  <testcase classname="TestNGStudy.InvocationCountStudy" name="a" time="0.014"/>
  <system-out>
    <![CDATA[a Method id Running]]>
  </system-out>
</testsuite> <!-- TestNGStudy.InvocationCountStudy -->
