<?xml version="1.0" encoding="UTF-8"?>
<!-- Generated by org.testng.reporters.JUnitReportReporter -->
<testsuite hostname="KIRAN" failures="0" tests="1" name="verificationInTestNG.HardAssert" time="0.037" errors="0" timestamp="2022-06-26T16:11:40 IST" skipped="0">
  <testcase classname="verificationInTestNG.HardAssert" name="myMethod" time="0.037"/>
  <system-out>
    <![CDATA[values are equal TC is Passed]]>
  </system-out>
</testsuite> <!-- verificationInTestNG.HardAssert -->
