<?xml version="1.0" encoding="UTF-8"?>
<!-- Generated by org.testng.reporters.JUnitReportReporter -->
<testsuite hostname="KIRAN" failures="0" tests="1" name="TestNgKeyWords.DependsonMethodUse" time="0.038" errors="0" timestamp="2022-06-25T15:37:11 IST" skipped="0">
  <testcase classname="TestNgKeyWords.DependsonMethodUse" name="z" time="0.038"/>
  <system-out>
    <![CDATA[z Method is Running]]>
  </system-out>
</testsuite> <!-- TestNgKeyWords.DependsonMethodUse -->
