<?xml version="1.0" encoding="UTF-8"?>
<!-- Generated by org.testng.reporters.JUnitReportReporter -->
<testsuite hostname="KIRAN" failures="0" tests="2" name="TestNGStudy.MultipleTestClass" time="70.676" errors="0" timestamp="2022-06-22T21:49:06 IST" skipped="0">
  <testcase classname="TestNGStudy.MultipleTestClass" name="myMethod" time="36.661"/>
  <system-out>
    <![CDATA[Hi this is reporter output
Hi this is reporter output true]]>
  </system-out>
  <testcase classname="TestNGStudy.MultipleTestClass" name="test2" time="34.015"/>
  <system-out/>
</testsuite> <!-- TestNGStudy.MultipleTestClass -->
