<?xml version="1.0" encoding="UTF-8"?>
<!-- Generated by org.testng.reporters.JUnitReportReporter -->
<testsuite hostname="KIRAN" failures="0" tests="1" name="TestNgKeyWords.TestClass1" time="0.029" errors="0" timestamp="2022-06-25T16:08:28 IST" skipped="0">
  <testcase classname="TestNgKeyWords.TestClass1" name="p" time="0.029"/>
  <system-out>
    <![CDATA[p Method is Running]]>
  </system-out>
</testsuite> <!-- TestNgKeyWords.TestClass1 -->
