<?xml version="1.0" encoding="UTF-8"?>
<!-- Generated by org.testng.reporters.JUnitReportReporter -->
<testsuite hostname="KIRAN" failures="0" tests="1" name="TestNGStudy.ReporterLog" time="0.009" errors="0" timestamp="2022-06-22T14:56:19 IST" skipped="0">
  <testcase classname="TestNGStudy.ReporterLog" name="reporterLog" time="0.009"/>
  <system-out>
    <![CDATA[Test Case is Passed]]>
  </system-out>
</testsuite> <!-- TestNGStudy.ReporterLog -->
