<?xml version="1.0" encoding="UTF-8"?>
<!-- Generated by org.testng.reporters.JUnitReportReporter -->
<testsuite hostname="KIRAN" failures="0" tests="1" name="verificationInTestNG.AssertNotEqualUse" time="0.038" errors="0" timestamp="2022-06-26T15:40:03 IST" skipped="0">
  <testcase classname="verificationInTestNG.AssertNotEqualUse" name="myMethod" time="0.038"/>
  <system-out>
    <![CDATA[Actual and Expected are not Equal TC is Passed]]>
  </system-out>
</testsuite> <!-- verificationInTestNG.AssertNotEqualUse -->
