<?xml version="1.0" encoding="UTF-8"?>
<!-- Generated by org.testng.reporters.JUnitReportReporter -->
<testsuite hostname="KIRAN" failures="0" tests="2" name="TestNGStudy.PriorityUse" time="0.038" errors="0" timestamp="2022-06-25T16:02:12 IST" skipped="0">
  <testcase classname="TestNGStudy.PriorityUse" name="d" time="0.033"/>
  <system-out>
    <![CDATA[Method d is running]]>
  </system-out>
  <testcase classname="TestNGStudy.PriorityUse" name="z" time="0.005"/>
  <system-out>
    <![CDATA[Method z is running]]>
  </system-out>
</testsuite> <!-- TestNGStudy.PriorityUse -->
