<?xml version="1.0" encoding="UTF-8"?>
<!-- Generated by org.testng.reporters.JUnitReportReporter -->
<testsuite hostname="KIRAN" failures="0" tests="1" name="KiteTestByBaseUtility.ValidateKiteUserID" time="12.663" errors="0" timestamp="2022-07-05T00:02:02 IST" skipped="0">
  <testcase classname="KiteTestByBaseUtility.ValidateKiteUserID" name="validateUserID" time="12.663"/>
  <system-out/>
</testsuite> <!-- KiteTestByBaseUtility.ValidateKiteUserID -->
