<?xml version="1.0" encoding="UTF-8"?>
<!-- Generated by org.testng.reporters.JUnitReportReporter -->
<testsuite hostname="KIRAN" failures="0" tests="1" name="verificationInTestNG.AssertTrueUse" time="0.037" errors="0" timestamp="2022-06-26T15:47:44 IST" skipped="0">
  <testcase classname="verificationInTestNG.AssertTrueUse" name="myMethod" time="0.037"/>
  <system-out>
    <![CDATA[TC is passed value is true]]>
  </system-out>
</testsuite> <!-- verificationInTestNG.AssertTrueUse -->
